[01m[K/home/phongdang/ros2_example/src/my_cpp_pkg/src/my_first_node.cpp:[m[K In function â€˜[01m[Kint main(int, char**)[m[Kâ€™:
[01m[K/home/phongdang/ros2_example/src/my_cpp_pkg/src/my_first_node.cpp:6:5:[m[K [01;31m[Kerror: [m[Kâ€˜[01m[Kros[m[Kâ€™ has not been declared
    6 |     [01;31m[Kros[m[K::init(argc, argv);
      |     [01;31m[K^~~[m[K
[01m[K/home/phongdang/ros2_example/src/my_cpp_pkg/src/my_first_node.cpp:12:5:[m[K [01;31m[Kerror: [m[Kâ€˜[01m[Kros[m[Kâ€™ has not been declared
   12 |     [01;31m[Kros[m[K::spin(node);
      |     [01;31m[K^~~[m[K
[01m[K/home/phongdang/ros2_example/src/my_cpp_pkg/src/my_first_node.cpp:13:5:[m[K [01;31m[Kerror: [m[Kâ€˜[01m[Kros[m[Kâ€™ has not been declared
   13 |     [01;31m[Kros[m[K::shutdown();
      |     [01;31m[K^~~[m[K
gmake[2]: *** [CMakeFiles/cpp_node.dir/build.make:76: CMakeFiles/cpp_node.dir/src/my_first_node.cpp.o] Error 1
gmake[1]: *** [CMakeFiles/Makefile2:137: CMakeFiles/cpp_node.dir/all] Error 2
gmake: *** [Makefile:146: all] Error 2
