[0.109s] Invoking command in '/home/phongdang/ros2_example/build/my_cpp_pkg': CMAKE_PREFIX_PATH=/home/phongdang/ros2_example/install/my_py_pkg:/opt/ros/humble /usr/bin/cmake --build /home/phongdang/ros2_example/build/my_cpp_pkg -- -j4 -l4
[0.156s] -- Found ament_cmake: 1.3.8 (/opt/ros/humble/share/ament_cmake/cmake)
[0.349s] -- Found rclcpp: 16.0.8 (/opt/ros/humble/share/rclcpp/cmake)
[0.392s] -- Found rosidl_generator_c: 3.1.5 (/opt/ros/humble/share/rosidl_generator_c/cmake)
[0.399s] -- Found rosidl_adapter: 3.1.5 (/opt/ros/humble/share/rosidl_adapter/cmake)
[0.408s] -- Found rosidl_generator_cpp: 3.1.5 (/opt/ros/humble/share/rosidl_generator_cpp/cmake)
[0.430s] -- Using all available rosidl_typesupport_c: rosidl_typesupport_fastrtps_c;rosidl_typesupport_introspection_c
[0.458s] -- Using all available rosidl_typesupport_cpp: rosidl_typesupport_fastrtps_cpp;rosidl_typesupport_introspection_cpp
[0.540s] -- Found rmw_implementation_cmake: 6.1.1 (/opt/ros/humble/share/rmw_implementation_cmake/cmake)
[0.542s] -- Found rmw_fastrtps_cpp: 6.2.6 (/opt/ros/humble/share/rmw_fastrtps_cpp/cmake)
[0.723s] -- Using RMW implementation 'rmw_fastrtps_cpp' as default
[1.066s] -- Configuring done
[1.083s] -- Generating done
[1.086s] -- Build files have been written to: /home/phongdang/ros2_example/build/my_cpp_pkg
[1.149s] [ 50%] [32mBuilding CXX object CMakeFiles/cpp_node.dir/src/my_first_node.cpp.o[0m
[5.810s] [01m[K/home/phongdang/ros2_example/src/my_cpp_pkg/src/my_first_node.cpp:[m[K In function â€˜[01m[Kint main(int, char**)[m[Kâ€™:
[5.811s] [01m[K/home/phongdang/ros2_example/src/my_cpp_pkg/src/my_first_node.cpp:6:5:[m[K [01;31m[Kerror: [m[Kâ€˜[01m[Kros[m[Kâ€™ has not been declared
[5.811s]     6 |     [01;31m[Kros[m[K::init(argc, argv);
[5.811s]       |     [01;31m[K^~~[m[K
[5.812s] [01m[K/home/phongdang/ros2_example/src/my_cpp_pkg/src/my_first_node.cpp:12:5:[m[K [01;31m[Kerror: [m[Kâ€˜[01m[Kros[m[Kâ€™ has not been declared
[5.812s]    12 |     [01;31m[Kros[m[K::spin(node);
[5.812s]       |     [01;31m[K^~~[m[K
[5.812s] [01m[K/home/phongdang/ros2_example/src/my_cpp_pkg/src/my_first_node.cpp:13:5:[m[K [01;31m[Kerror: [m[Kâ€˜[01m[Kros[m[Kâ€™ has not been declared
[5.812s]    13 |     [01;31m[Kros[m[K::shutdown();
[5.812s]       |     [01;31m[K^~~[m[K
[6.524s] gmake[2]: *** [CMakeFiles/cpp_node.dir/build.make:76: CMakeFiles/cpp_node.dir/src/my_first_node.cpp.o] Error 1
[6.524s] gmake[1]: *** [CMakeFiles/Makefile2:137: CMakeFiles/cpp_node.dir/all] Error 2
[6.524s] gmake: *** [Makefile:146: all] Error 2
[6.529s] Invoked command in '/home/phongdang/ros2_example/build/my_cpp_pkg' returned '2': CMAKE_PREFIX_PATH=/home/phongdang/ros2_example/install/my_py_pkg:/opt/ros/humble /usr/bin/cmake --build /home/phongdang/ros2_example/build/my_cpp_pkg -- -j4 -l4
